10:45:20.620 [restartedMain] INFO  c.s.A.AuditLoggingApplication - Starting AuditLoggingApplication using Java 17.0.9 with PID 2388 (C:\Users\Aman\Documents\GitHub\audit-logging\target\classes started by Aman in C:\Users\Aman\Documents\GitHub\audit-logging)
10:45:20.620 [restartedMain] INFO  c.s.A.AuditLoggingApplication - Starting AuditLoggingApplication using Java 17.0.9 with PID 2388 (C:\Users\Aman\Documents\GitHub\audit-logging\target\classes started by Aman in C:\Users\Aman\Documents\GitHub\audit-logging)
10:45:20.622 [restartedMain] DEBUG c.s.A.AuditLoggingApplication - Running with Spring Boot v3.2.2, Spring v6.1.3
10:45:20.622 [restartedMain] DEBUG c.s.A.AuditLoggingApplication - Running with Spring Boot v3.2.2, Spring v6.1.3
10:45:20.623 [restartedMain] INFO  c.s.A.AuditLoggingApplication - No active profile set, falling back to 1 default profile: "default"
10:45:20.623 [restartedMain] INFO  c.s.A.AuditLoggingApplication - No active profile set, falling back to 1 default profile: "default"
10:45:20.677 [restartedMain] INFO  o.s.b.d.e.DevToolsPropertyDefaultsPostProcessor - Devtools property defaults active! Set 'spring.devtools.add-properties' to 'false' to disable
10:45:20.677 [restartedMain] INFO  o.s.b.d.e.DevToolsPropertyDefaultsPostProcessor - For additional web related logging consider setting the 'logging.level.web' property to 'DEBUG'
10:45:21.694 [restartedMain] INFO  o.s.b.w.e.tomcat.TomcatWebServer - Tomcat initialized with port 8080 (http)
10:45:21.703 [restartedMain] INFO  o.a.coyote.http11.Http11NioProtocol - Initializing ProtocolHandler ["http-nio-8080"]
10:45:21.705 [restartedMain] INFO  o.a.catalina.core.StandardService - Starting service [Tomcat]
10:45:21.705 [restartedMain] INFO  o.a.catalina.core.StandardEngine - Starting Servlet engine: [Apache Tomcat/10.1.18]
10:45:21.751 [restartedMain] INFO  o.a.c.c.C.[Tomcat].[localhost].[/] - Initializing Spring embedded WebApplicationContext
10:45:21.752 [restartedMain] INFO  o.s.b.w.s.c.ServletWebServerApplicationContext - Root WebApplicationContext: initialization completed in 1074 ms
10:45:22.155 [restartedMain] INFO  o.s.b.d.a.OptionalLiveReloadServer - LiveReload server is running on port 35729
10:45:22.167 [restartedMain] INFO  o.a.coyote.http11.Http11NioProtocol - Starting ProtocolHandler ["http-nio-8080"]
10:45:22.183 [restartedMain] INFO  o.s.b.w.e.tomcat.TomcatWebServer - Tomcat started on port 8080 (http) with context path ''
10:45:22.192 [restartedMain] INFO  c.s.A.AuditLoggingApplication - Started AuditLoggingApplication in 1.973 seconds (process running for 3.546)
10:45:22.192 [restartedMain] INFO  c.s.A.AuditLoggingApplication - Started AuditLoggingApplication in 1.973 seconds (process running for 3.546)
10:45:51.715 [File Watcher] INFO  o.s.b.d.a.LocalDevToolsAutoConfiguration$RestartingClassPathChangeChangedEventListener - Restarting due to 7 class path changes (0 additions, 6 deletions, 1 modification)
10:45:51.727 [Thread-5] INFO  o.a.coyote.http11.Http11NioProtocol - Stopping ProtocolHandler ["http-nio-8080"]
10:45:51.943 [restartedMain] INFO  c.s.A.AuditLoggingApplication - Starting AuditLoggingApplication using Java 17.0.9 with PID 2388 (C:\Users\Aman\Documents\GitHub\audit-logging\target\classes started by Aman in C:\Users\Aman\Documents\GitHub\audit-logging)
10:45:51.943 [restartedMain] INFO  c.s.A.AuditLoggingApplication - Starting AuditLoggingApplication using Java 17.0.9 with PID 2388 (C:\Users\Aman\Documents\GitHub\audit-logging\target\classes started by Aman in C:\Users\Aman\Documents\GitHub\audit-logging)
10:45:51.945 [restartedMain] DEBUG c.s.A.AuditLoggingApplication - Running with Spring Boot v3.2.2, Spring v6.1.3
10:45:51.945 [restartedMain] DEBUG c.s.A.AuditLoggingApplication - Running with Spring Boot v3.2.2, Spring v6.1.3
10:45:51.946 [restartedMain] INFO  c.s.A.AuditLoggingApplication - No active profile set, falling back to 1 default profile: "default"
10:45:51.946 [restartedMain] INFO  c.s.A.AuditLoggingApplication - No active profile set, falling back to 1 default profile: "default"
10:45:52.599 [restartedMain] INFO  o.s.b.w.e.tomcat.TomcatWebServer - Tomcat initialized with port 8080 (http)
10:45:52.601 [restartedMain] INFO  o.a.coyote.http11.Http11NioProtocol - Initializing ProtocolHandler ["http-nio-8080"]
10:45:52.601 [restartedMain] INFO  o.a.catalina.core.StandardService - Starting service [Tomcat]
10:45:52.602 [restartedMain] INFO  o.a.catalina.core.StandardEngine - Starting Servlet engine: [Apache Tomcat/10.1.18]
10:45:52.639 [restartedMain] INFO  o.a.c.c.C.[Tomcat].[localhost].[/] - Initializing Spring embedded WebApplicationContext
10:45:52.639 [restartedMain] INFO  o.s.b.w.s.c.ServletWebServerApplicationContext - Root WebApplicationContext: initialization completed in 684 ms
10:45:52.846 [restartedMain] INFO  o.s.b.d.a.OptionalLiveReloadServer - LiveReload server is running on port 35729
10:45:52.865 [restartedMain] INFO  o.a.coyote.http11.Http11NioProtocol - Starting ProtocolHandler ["http-nio-8080"]
10:45:52.871 [restartedMain] INFO  o.s.b.w.e.tomcat.TomcatWebServer - Tomcat started on port 8080 (http) with context path ''
10:45:52.886 [restartedMain] INFO  c.s.A.AuditLoggingApplication - Started AuditLoggingApplication in 1.04 seconds (process running for 34.239)
10:45:52.886 [restartedMain] INFO  c.s.A.AuditLoggingApplication - Started AuditLoggingApplication in 1.04 seconds (process running for 34.239)
10:45:52.890 [restartedMain] INFO  o.s.b.d.a.ConditionEvaluationDeltaLoggingListener - Condition evaluation unchanged
10:45:56.322 [File Watcher] INFO  o.s.b.d.a.LocalDevToolsAutoConfiguration$RestartingClassPathChangeChangedEventListener - Restarting due to 6 class path changes (6 additions, 0 deletions, 0 modifications)
10:45:56.325 [Thread-7] INFO  o.a.coyote.http11.Http11NioProtocol - Stopping ProtocolHandler ["http-nio-8080"]
10:45:56.498 [restartedMain] INFO  c.s.A.AuditLoggingApplication - Starting AuditLoggingApplication using Java 17.0.9 with PID 2388 (C:\Users\Aman\Documents\GitHub\audit-logging\target\classes started by Aman in C:\Users\Aman\Documents\GitHub\audit-logging)
10:45:56.498 [restartedMain] INFO  c.s.A.AuditLoggingApplication - Starting AuditLoggingApplication using Java 17.0.9 with PID 2388 (C:\Users\Aman\Documents\GitHub\audit-logging\target\classes started by Aman in C:\Users\Aman\Documents\GitHub\audit-logging)
10:45:56.499 [restartedMain] DEBUG c.s.A.AuditLoggingApplication - Running with Spring Boot v3.2.2, Spring v6.1.3
10:45:56.499 [restartedMain] DEBUG c.s.A.AuditLoggingApplication - Running with Spring Boot v3.2.2, Spring v6.1.3
10:45:56.499 [restartedMain] INFO  c.s.A.AuditLoggingApplication - No active profile set, falling back to 1 default profile: "default"
10:45:56.499 [restartedMain] INFO  c.s.A.AuditLoggingApplication - No active profile set, falling back to 1 default profile: "default"
10:45:56.770 [restartedMain] INFO  o.s.b.w.e.tomcat.TomcatWebServer - Tomcat initialized with port 8080 (http)
10:45:56.771 [restartedMain] INFO  o.a.coyote.http11.Http11NioProtocol - Initializing ProtocolHandler ["http-nio-8080"]
10:45:56.771 [restartedMain] INFO  o.a.catalina.core.StandardService - Starting service [Tomcat]
10:45:56.772 [restartedMain] INFO  o.a.catalina.core.StandardEngine - Starting Servlet engine: [Apache Tomcat/10.1.18]
10:45:56.791 [restartedMain] INFO  o.a.c.c.C.[Tomcat].[localhost].[/] - Initializing Spring embedded WebApplicationContext
10:45:56.791 [restartedMain] INFO  o.s.b.w.s.c.ServletWebServerApplicationContext - Root WebApplicationContext: initialization completed in 289 ms
10:45:56.885 [restartedMain] INFO  o.s.b.d.a.OptionalLiveReloadServer - LiveReload server is running on port 35729
10:45:56.891 [restartedMain] INFO  o.a.coyote.http11.Http11NioProtocol - Starting ProtocolHandler ["http-nio-8080"]
10:45:56.896 [restartedMain] INFO  o.s.b.w.e.tomcat.TomcatWebServer - Tomcat started on port 8080 (http) with context path ''
10:45:56.900 [restartedMain] INFO  c.s.A.AuditLoggingApplication - Started AuditLoggingApplication in 0.457 seconds (process running for 38.255)
10:45:56.900 [restartedMain] INFO  c.s.A.AuditLoggingApplication - Started AuditLoggingApplication in 0.457 seconds (process running for 38.255)
10:45:56.902 [restartedMain] INFO  o.s.b.d.a.ConditionEvaluationDeltaLoggingListener - Condition evaluation unchanged
10:47:51.877 [File Watcher] INFO  o.s.b.d.a.LocalDevToolsAutoConfiguration$RestartingClassPathChangeChangedEventListener - Restarting due to 1 class path change (0 additions, 1 deletion, 0 modifications)
10:47:51.880 [Thread-11] INFO  o.a.coyote.http11.Http11NioProtocol - Stopping ProtocolHandler ["http-nio-8080"]
10:47:52.031 [restartedMain] INFO  c.s.A.AuditLoggingApplication - Starting AuditLoggingApplication using Java 17.0.9 with PID 2388 (C:\Users\Aman\Documents\GitHub\audit-logging\target\classes started by Aman in C:\Users\Aman\Documents\GitHub\audit-logging)
10:47:52.031 [restartedMain] INFO  c.s.A.AuditLoggingApplication - Starting AuditLoggingApplication using Java 17.0.9 with PID 2388 (C:\Users\Aman\Documents\GitHub\audit-logging\target\classes started by Aman in C:\Users\Aman\Documents\GitHub\audit-logging)
10:47:52.033 [restartedMain] DEBUG c.s.A.AuditLoggingApplication - Running with Spring Boot v3.2.2, Spring v6.1.3
10:47:52.033 [restartedMain] DEBUG c.s.A.AuditLoggingApplication - Running with Spring Boot v3.2.2, Spring v6.1.3
10:47:52.033 [restartedMain] INFO  c.s.A.AuditLoggingApplication - No active profile set, falling back to 1 default profile: "default"
10:47:52.033 [restartedMain] INFO  c.s.A.AuditLoggingApplication - No active profile set, falling back to 1 default profile: "default"
10:47:52.531 [restartedMain] INFO  o.s.b.w.e.tomcat.TomcatWebServer - Tomcat initialized with port 8080 (http)
10:47:52.532 [restartedMain] INFO  o.a.coyote.http11.Http11NioProtocol - Initializing ProtocolHandler ["http-nio-8080"]
10:47:52.533 [restartedMain] INFO  o.a.catalina.core.StandardService - Starting service [Tomcat]
10:47:52.533 [restartedMain] INFO  o.a.catalina.core.StandardEngine - Starting Servlet engine: [Apache Tomcat/10.1.18]
10:47:52.556 [restartedMain] INFO  o.a.c.c.C.[Tomcat].[localhost].[/] - Initializing Spring embedded WebApplicationContext
10:47:52.557 [restartedMain] INFO  o.s.b.w.s.c.ServletWebServerApplicationContext - Root WebApplicationContext: initialization completed in 518 ms
10:47:52.572 [restartedMain] WARN  o.s.b.w.s.c.AnnotationConfigServletWebServerApplicationContext - Exception encountered during context initialization - cancelling refresh attempt: org.springframework.beans.factory.BeanCreationException: Error creating bean with name 'auditController' defined in file [C:\Users\Aman\Documents\GitHub\audit-logging\target\classes\com\sheru\AuditLogging\Controller\AuditController.class]: Post-processing of merged bean definition failed
10:47:52.573 [restartedMain] INFO  o.a.catalina.core.StandardService - Stopping service [Tomcat]
10:47:52.589 [restartedMain] INFO  o.s.b.a.l.ConditionEvaluationReportLogger - 

Error starting ApplicationContext. To display the condition evaluation report re-run your application with 'debug' enabled.
10:47:52.632 [restartedMain] ERROR o.s.boot.SpringApplication - Application run failed
org.springframework.beans.factory.BeanCreationException: Error creating bean with name 'auditController' defined in file [C:\Users\Aman\Documents\GitHub\audit-logging\target\classes\com\sheru\AuditLogging\Controller\AuditController.class]: Post-processing of merged bean definition failed
	at org.springframework.beans.factory.support.AbstractAutowireCapableBeanFactory.doCreateBean(AbstractAutowireCapableBeanFactory.java:576)
	at org.springframework.beans.factory.support.AbstractAutowireCapableBeanFactory.createBean(AbstractAutowireCapableBeanFactory.java:521)
	at org.springframework.beans.factory.support.AbstractBeanFactory.lambda$doGetBean$0(AbstractBeanFactory.java:325)
	at org.springframework.beans.factory.support.DefaultSingletonBeanRegistry.getSingleton(DefaultSingletonBeanRegistry.java:234)
	at org.springframework.beans.factory.support.AbstractBeanFactory.doGetBean(AbstractBeanFactory.java:323)
	at org.springframework.beans.factory.support.AbstractBeanFactory.getBean(AbstractBeanFactory.java:199)
	at org.springframework.beans.factory.support.DefaultListableBeanFactory.preInstantiateSingletons(DefaultListableBeanFactory.java:975)
	at org.springframework.context.support.AbstractApplicationContext.finishBeanFactoryInitialization(AbstractApplicationContext.java:959)
	at org.springframework.context.support.AbstractApplicationContext.refresh(AbstractApplicationContext.java:624)
	at org.springframework.boot.web.servlet.context.ServletWebServerApplicationContext.refresh(ServletWebServerApplicationContext.java:146)
	at org.springframework.boot.SpringApplication.refresh(SpringApplication.java:754)
	at org.springframework.boot.SpringApplication.refreshContext(SpringApplication.java:456)
	at org.springframework.boot.SpringApplication.run(SpringApplication.java:334)
	at org.springframework.boot.SpringApplication.run(SpringApplication.java:1354)
	at org.springframework.boot.SpringApplication.run(SpringApplication.java:1343)
	at com.sheru.AuditLogging.AuditLoggingApplication.main(AuditLoggingApplication.java:10)
	at java.base/jdk.internal.reflect.NativeMethodAccessorImpl.invoke0(Native Method)
	at java.base/jdk.internal.reflect.NativeMethodAccessorImpl.invoke(NativeMethodAccessorImpl.java:77)
	at java.base/jdk.internal.reflect.DelegatingMethodAccessorImpl.invoke(DelegatingMethodAccessorImpl.java:43)
	at java.base/java.lang.reflect.Method.invoke(Method.java:568)
	at org.springframework.boot.devtools.restart.RestartLauncher.run(RestartLauncher.java:50)
Caused by: java.lang.IllegalStateException: Failed to introspect Class [com.sheru.AuditLogging.Controller.AuditController] from ClassLoader [org.springframework.boot.devtools.restart.classloader.RestartClassLoader@66d9b7c9]
	at org.springframework.util.ReflectionUtils.getDeclaredFields(ReflectionUtils.java:757)
	at org.springframework.util.ReflectionUtils.doWithLocalFields(ReflectionUtils.java:689)
	at org.springframework.orm.jpa.support.PersistenceAnnotationBeanPostProcessor.buildPersistenceMetadata(PersistenceAnnotationBeanPostProcessor.java:436)
	at org.springframework.orm.jpa.support.PersistenceAnnotationBeanPostProcessor.findPersistenceMetadata(PersistenceAnnotationBeanPostProcessor.java:417)
	at org.springframework.orm.jpa.support.PersistenceAnnotationBeanPostProcessor.findInjectionMetadata(PersistenceAnnotationBeanPostProcessor.java:376)
	at org.springframework.orm.jpa.support.PersistenceAnnotationBeanPostProcessor.postProcessMergedBeanDefinition(PersistenceAnnotationBeanPostProcessor.java:353)
	at org.springframework.beans.factory.support.AbstractAutowireCapableBeanFactory.applyMergedBeanDefinitionPostProcessors(AbstractAutowireCapableBeanFactory.java:1084)
	at org.springframework.beans.factory.support.AbstractAutowireCapableBeanFactory.doCreateBean(AbstractAutowireCapableBeanFactory.java:573)
	... 20 common frames omitted
Caused by: java.lang.NoClassDefFoundError: com/sheru/AuditLogging/Service/AuditService
	at java.base/java.lang.Class.getDeclaredFields0(Native Method)
	at java.base/java.lang.Class.privateGetDeclaredFields(Class.java:3297)
	at java.base/java.lang.Class.getDeclaredFields(Class.java:2371)
	at org.springframework.util.ReflectionUtils.getDeclaredFields(ReflectionUtils.java:752)
	... 27 common frames omitted
Caused by: java.lang.ClassNotFoundException: com.sheru.AuditLogging.Service.AuditService
	at java.base/jdk.internal.loader.BuiltinClassLoader.loadClass(BuiltinClassLoader.java:641)
	at java.base/jdk.internal.loader.ClassLoaders$AppClassLoader.loadClass(ClassLoaders.java:188)
	at java.base/java.lang.ClassLoader.loadClass(ClassLoader.java:520)
	at java.base/java.lang.Class.forName0(Native Method)
	at java.base/java.lang.Class.forName(Class.java:467)
	at org.springframework.boot.devtools.restart.classloader.RestartClassLoader.loadClass(RestartClassLoader.java:121)
	at java.base/java.lang.ClassLoader.loadClass(ClassLoader.java:520)
	... 31 common frames omitted
